  AnimacionSencilla.cpp
C:\Users\armenta\Documents\P_Grafica\417032467_PROYECTOFINAL2023-1_Grupo7\Project1\Project1\AnimacionSencilla.cpp(273,24): warning C4244: 'initializing': conversion from 'double' to 'GLfloat', possible loss of data
C:\Users\armenta\Documents\P_Grafica\417032467_PROYECTOFINAL2023-1_Grupo7\Project1\Project1\AnimacionSencilla.cpp(313,21): warning C4244: '=': conversion from 'double' to 'T', possible loss of data
          with
          [
              T=float
          ]
C:\Users\armenta\Documents\P_Grafica\417032467_PROYECTOFINAL2023-1_Grupo7\Project1\Project1\AnimacionSencilla.cpp(314,21): warning C4244: '=': conversion from 'double' to 'T', possible loss of data
          with
          [
              T=float
          ]
C:\Users\armenta\Documents\P_Grafica\417032467_PROYECTOFINAL2023-1_Grupo7\Project1\Project1\AnimacionSencilla.cpp(315,21): warning C4244: '=': conversion from 'double' to 'T', possible loss of data
          with
          [
              T=float
          ]
C:\Users\armenta\Documents\P_Grafica\417032467_PROYECTOFINAL2023-1_Grupo7\Project1\Project1\AnimacionSencilla.cpp(317,22): warning C4244: '=': conversion from 'double' to 'T', possible loss of data
          with
          [
              T=float
          ]
C:\Users\armenta\Documents\P_Grafica\417032467_PROYECTOFINAL2023-1_Grupo7\Project1\Project1\AnimacionSencilla.cpp(318,22): warning C4244: '=': conversion from 'double' to 'T', possible loss of data
          with
          [
              T=float
          ]
C:\Users\armenta\Documents\P_Grafica\417032467_PROYECTOFINAL2023-1_Grupo7\Project1\Project1\AnimacionSencilla.cpp(319,22): warning C4244: '=': conversion from 'double' to 'T', possible loss of data
          with
          [
              T=float
          ]
C:\Users\armenta\Documents\P_Grafica\417032467_PROYECTOFINAL2023-1_Grupo7\Project1\Project1\AnimacionSencilla.cpp(321,22): warning C4244: '=': conversion from 'double' to 'T', possible loss of data
          with
          [
              T=float
          ]
C:\Users\armenta\Documents\P_Grafica\417032467_PROYECTOFINAL2023-1_Grupo7\Project1\Project1\AnimacionSencilla.cpp(322,22): warning C4244: '=': conversion from 'double' to 'T', possible loss of data
          with
          [
              T=float
          ]
C:\Users\armenta\Documents\P_Grafica\417032467_PROYECTOFINAL2023-1_Grupo7\Project1\Project1\AnimacionSencilla.cpp(323,22): warning C4244: '=': conversion from 'double' to 'T', possible loss of data
          with
          [
              T=float
          ]
C:\Users\armenta\Documents\P_Grafica\417032467_PROYECTOFINAL2023-1_Grupo7\Project1\Project1\AnimacionSencilla.cpp(325,22): warning C4244: '=': conversion from 'double' to 'T', possible loss of data
          with
          [
              T=float
          ]
C:\Users\armenta\Documents\P_Grafica\417032467_PROYECTOFINAL2023-1_Grupo7\Project1\Project1\AnimacionSencilla.cpp(326,22): warning C4244: '=': conversion from 'double' to 'T', possible loss of data
          with
          [
              T=float
          ]
C:\Users\armenta\Documents\P_Grafica\417032467_PROYECTOFINAL2023-1_Grupo7\Project1\Project1\AnimacionSencilla.cpp(327,22): warning C4244: '=': conversion from 'double' to 'T', possible loss of data
          with
          [
              T=float
          ]
C:\Users\armenta\Documents\P_Grafica\417032467_PROYECTOFINAL2023-1_Grupo7\Project1\Project1\AnimacionSencilla.cpp(657,26): warning C4244: '=': conversion from 'double' to 'float', possible loss of data
C:\Users\armenta\Documents\P_Grafica\417032467_PROYECTOFINAL2023-1_Grupo7\Project1\Project1\AnimacionSencilla.cpp(871,14): warning C4305: '+=': truncation from 'double' to 'float'
C:\Users\armenta\Documents\P_Grafica\417032467_PROYECTOFINAL2023-1_Grupo7\Project1\Project1\AnimacionSencilla.cpp(877,14): warning C4305: '-=': truncation from 'double' to 'float'
C:\Users\armenta\Documents\P_Grafica\417032467_PROYECTOFINAL2023-1_Grupo7\Project1\Project1\AnimacionSencilla.cpp(885,15): warning C4305: '-=': truncation from 'double' to 'float'
C:\Users\armenta\Documents\P_Grafica\417032467_PROYECTOFINAL2023-1_Grupo7\Project1\Project1\AnimacionSencilla.cpp(891,15): warning C4305: '+=': truncation from 'double' to 'float'
C:\Users\armenta\Documents\P_Grafica\417032467_PROYECTOFINAL2023-1_Grupo7\Project1\Project1\AnimacionSencilla.cpp(899,19): warning C4305: '-=': truncation from 'double' to 'float'
C:\Users\armenta\Documents\P_Grafica\417032467_PROYECTOFINAL2023-1_Grupo7\Project1\Project1\AnimacionSencilla.cpp(905,19): warning C4305: '+=': truncation from 'double' to 'float'
C:\Users\armenta\Documents\P_Grafica\417032467_PROYECTOFINAL2023-1_Grupo7\Project1\Project1\AnimacionSencilla.cpp(949,11): warning C4244: '=': conversion from 'double' to 'GLfloat', possible loss of data
C:\Users\armenta\Documents\P_Grafica\417032467_PROYECTOFINAL2023-1_Grupo7\Project1\Project1\AnimacionSencilla.cpp(950,11): warning C4244: '=': conversion from 'double' to 'GLfloat', possible loss of data
C:\Users\armenta\Documents\P_Grafica\417032467_PROYECTOFINAL2023-1_Grupo7\Project1\Project1\AnimacionSencilla.cpp(954,18): warning C4244: 'initializing': conversion from 'double' to 'GLfloat', possible loss of data
C:\Users\armenta\Documents\P_Grafica\417032467_PROYECTOFINAL2023-1_Grupo7\Project1\Project1\AnimacionSencilla.cpp(955,18): warning C4244: 'initializing': conversion from 'double' to 'GLfloat', possible loss of data
C:\Users\armenta\Documents\P_Grafica\417032467_PROYECTOFINAL2023-1_Grupo7\Project1\Project1\AnimacionSencilla.cpp(957,10): warning C4244: '=': conversion from 'double' to 'GLfloat', possible loss of data
C:\Users\armenta\Documents\P_Grafica\417032467_PROYECTOFINAL2023-1_Grupo7\Project1\Project1\AnimacionSencilla.cpp(958,10): warning C4244: '=': conversion from 'double' to 'GLfloat', possible loss of data
C:\Users\armenta\Documents\P_Grafica\417032467_PROYECTOFINAL2023-1_Grupo7\Project1\Project1\AnimacionSencilla.cpp(972,17): warning C4305: '+=': truncation from 'double' to 'float'
C:\Users\armenta\Documents\P_Grafica\417032467_PROYECTOFINAL2023-1_Grupo7\Project1\Project1\AnimacionSencilla.cpp(981,18): warning C4244: '=': conversion from 'double' to 'float', possible loss of data
C:\Users\armenta\Documents\P_Grafica\417032467_PROYECTOFINAL2023-1_Grupo7\Project1\Project1\AnimacionSencilla.cpp(986,17): warning C4305: '+=': truncation from 'double' to 'float'
C:\Users\armenta\Documents\P_Grafica\417032467_PROYECTOFINAL2023-1_Grupo7\Project1\Project1\AnimacionSencilla.cpp(995,18): warning C4244: '=': conversion from 'double' to 'float', possible loss of data
C:\Users\armenta\Documents\P_Grafica\417032467_PROYECTOFINAL2023-1_Grupo7\Project1\Project1\AnimacionSencilla.cpp(1002,17): warning C4305: '+=': truncation from 'double' to 'float'
C:\Users\armenta\Documents\P_Grafica\417032467_PROYECTOFINAL2023-1_Grupo7\Project1\Project1\AnimacionSencilla.cpp(1011,14): warning C4244: '=': conversion from 'double' to 'float', possible loss of data
C:\Users\armenta\Documents\P_Grafica\417032467_PROYECTOFINAL2023-1_Grupo7\Project1\Project1\AnimacionSencilla.cpp(1016,17): warning C4305: '+=': truncation from 'double' to 'float'
C:\Users\armenta\Documents\P_Grafica\417032467_PROYECTOFINAL2023-1_Grupo7\Project1\Project1\AnimacionSencilla.cpp(1025,14): warning C4244: '=': conversion from 'double' to 'float', possible loss of data
C:\Users\armenta\Documents\P_Grafica\417032467_PROYECTOFINAL2023-1_Grupo7\Project1\Project1\AnimacionSencilla.cpp(1031,21): warning C4305: '+=': truncation from 'double' to 'float'
C:\Users\armenta\Documents\P_Grafica\417032467_PROYECTOFINAL2023-1_Grupo7\Project1\Project1\AnimacionSencilla.cpp(1049,18): warning C4305: '+=': truncation from 'double' to 'float'
C:\Users\armenta\Documents\P_Grafica\417032467_PROYECTOFINAL2023-1_Grupo7\Project1\Project1\AnimacionSencilla.cpp(1060,21): warning C4305: '-=': truncation from 'double' to 'float'
C:\Users\armenta\Documents\P_Grafica\417032467_PROYECTOFINAL2023-1_Grupo7\Project1\Project1\AnimacionSencilla.cpp(1075,18): warning C4305: '-=': truncation from 'double' to 'float'
soil2-debug.lib(SOIL2.obj) : warning LNK4075: ignoring '/EDITANDCONTINUE' due to '/OPT:ICF' specification
LINK : warning LNK4098: defaultlib 'MSVCRTD' conflicts with use of other libs; use /NODEFAULTLIB:library
  Generating code
  15 of 642 functions ( 2.3%) were compiled, the rest were copied from previous compilation.
    0 functions were new in current compilation
    8 functions had inline decision re-evaluated but remain unchanged
  Finished generating code
soil2-debug.lib(etc1_utils.obj) : warning LNK4099: PDB '' was not found with 'soil2-debug.lib(etc1_utils.obj)' or at ''; linking object as if no debug info
soil2-debug.lib(image_DXT.obj) : warning LNK4099: PDB 'soil2-debug.pdb' was not found with 'soil2-debug.lib(image_DXT.obj)' or at 'C:\Users\armenta\Documents\P_Grafica\417032467_PROYECTOFINAL2023-1_Grupo7\Project1\Release\soil2-debug.pdb'; linking object as if no debug info
soil2-debug.lib(image_helper.obj) : warning LNK4099: PDB '' was not found with 'soil2-debug.lib(image_helper.obj)' or at ''; linking object as if no debug info
soil2-debug.lib(SOIL2.obj) : warning LNK4099: PDB 'soil2-debug.pdb' was not found with 'soil2-debug.lib(SOIL2.obj)' or at 'C:\Users\armenta\Documents\P_Grafica\417032467_PROYECTOFINAL2023-1_Grupo7\Project1\Release\soil2-debug.pdb'; linking object as if no debug info
  Project1.vcxproj -> C:\Users\armenta\Documents\P_Grafica\417032467_PROYECTOFINAL2023-1_Grupo7\Project1\Release\Project1.exe
