  MainPrueba.cpp
C:\Users\Kiki\Documents\UNAM\Semestre9\LabGraficas\314698649_PROYECTOFINAL2023-1_Grupo11\ProyectoFinal\ProyectoFinal\mesh.h(88,1): warning C4267: 'argumento': conversión de 'size_t' a 'GLsizei'; posible pérdida de datos
C:\Users\Kiki\Documents\UNAM\Semestre9\LabGraficas\314698649_PROYECTOFINAL2023-1_Grupo11\ProyectoFinal\ProyectoFinal\meshAnim.h(116,1): warning C4267: 'argumento': conversión de 'size_t' a 'GLsizei'; posible pérdida de datos
C:\Users\Kiki\Documents\UNAM\Semestre9\LabGraficas\314698649_PROYECTOFINAL2023-1_Grupo11\ProyectoFinal\ProyectoFinal\modelAnim.h(104,44): warning C4244: '=': conversión de 'double' a 'float'; posible pérdida de datos
C:\Users\Kiki\Documents\UNAM\Semestre9\LabGraficas\314698649_PROYECTOFINAL2023-1_Grupo11\ProyectoFinal\ProyectoFinal\modelAnim.h(519,24): warning C4244: 'inicializando': conversión de 'double' a 'float'; posible pérdida de datos
C:\Users\Kiki\Documents\UNAM\Semestre9\LabGraficas\314698649_PROYECTOFINAL2023-1_Grupo11\ProyectoFinal\ProyectoFinal\MainPrueba.cpp(417,24): warning C4244: 'inicializando': conversión de 'double' a 'GLfloat'; posible pérdida de datos
C:\Users\Kiki\Documents\UNAM\Semestre9\LabGraficas\314698649_PROYECTOFINAL2023-1_Grupo11\ProyectoFinal\ProyectoFinal\MainPrueba.cpp(793,11): warning C4244: '=': conversión de 'double' a 'GLfloat'; posible pérdida de datos
C:\Users\Kiki\Documents\UNAM\Semestre9\LabGraficas\314698649_PROYECTOFINAL2023-1_Grupo11\ProyectoFinal\ProyectoFinal\MainPrueba.cpp(794,11): warning C4244: '=': conversión de 'double' a 'GLfloat'; posible pérdida de datos
C:\Users\Kiki\Documents\UNAM\Semestre9\LabGraficas\314698649_PROYECTOFINAL2023-1_Grupo11\ProyectoFinal\ProyectoFinal\MainPrueba.cpp(798,18): warning C4244: 'inicializando': conversión de 'double' a 'GLfloat'; posible pérdida de datos
C:\Users\Kiki\Documents\UNAM\Semestre9\LabGraficas\314698649_PROYECTOFINAL2023-1_Grupo11\ProyectoFinal\ProyectoFinal\MainPrueba.cpp(799,18): warning C4244: 'inicializando': conversión de 'double' a 'GLfloat'; posible pérdida de datos
C:\Users\Kiki\Documents\UNAM\Semestre9\LabGraficas\314698649_PROYECTOFINAL2023-1_Grupo11\ProyectoFinal\ProyectoFinal\MainPrueba.cpp(801,10): warning C4244: '=': conversión de 'double' a 'GLfloat'; posible pérdida de datos
C:\Users\Kiki\Documents\UNAM\Semestre9\LabGraficas\314698649_PROYECTOFINAL2023-1_Grupo11\ProyectoFinal\ProyectoFinal\MainPrueba.cpp(802,10): warning C4244: '=': conversión de 'double' a 'GLfloat'; posible pérdida de datos
MainPrueba.obj : error LNK2019: símbolo externo __imp_glewInit sin resolver al que se hace referencia en la función main
MainPrueba.obj : error LNK2019: símbolo externo glfwInit sin resolver al que se hace referencia en la función main
MainPrueba.obj : error LNK2019: símbolo externo glfwTerminate sin resolver al que se hace referencia en la función main
MainPrueba.obj : error LNK2019: símbolo externo glfwCreateWindow sin resolver al que se hace referencia en la función main
MainPrueba.obj : error LNK2019: símbolo externo glfwWindowShouldClose sin resolver al que se hace referencia en la función main
MainPrueba.obj : error LNK2019: símbolo externo glfwSetWindowShouldClose sin resolver al que se hace referencia en la función "void __cdecl KeyCallback(struct GLFWwindow *,int,int,int,int)" (?KeyCallback@@YAXPEAUGLFWwindow@@HHHH@Z)
MainPrueba.obj : error LNK2019: símbolo externo glfwGetFramebufferSize sin resolver al que se hace referencia en la función main
MainPrueba.obj : error LNK2019: símbolo externo glfwPollEvents sin resolver al que se hace referencia en la función main
MainPrueba.obj : error LNK2019: símbolo externo glfwSetInputMode sin resolver al que se hace referencia en la función main
MainPrueba.obj : error LNK2019: símbolo externo glfwSetKeyCallback sin resolver al que se hace referencia en la función main
MainPrueba.obj : error LNK2019: símbolo externo glfwSetCursorPosCallback sin resolver al que se hace referencia en la función main
MainPrueba.obj : error LNK2019: símbolo externo glfwGetTime sin resolver al que se hace referencia en la función main
MainPrueba.obj : error LNK2019: símbolo externo glfwMakeContextCurrent sin resolver al que se hace referencia en la función main
MainPrueba.obj : error LNK2019: símbolo externo glfwSwapBuffers sin resolver al que se hace referencia en la función main
MainPrueba.obj : error LNK2019: símbolo externo stbi_load sin resolver al que se hace referencia en la función "public: static unsigned int __cdecl TextureLoading::LoadCubemap(class std::vector<char const *,class std::allocator<char const *> >)" (?LoadCubemap@TextureLoading@@SAIV?$vector@PEBDV?$allocator@PEBD@std@@@std@@@Z)
MainPrueba.obj : error LNK2019: símbolo externo stbi_image_free sin resolver al que se hace referencia en la función "public: static unsigned int __cdecl TextureLoading::LoadCubemap(class std::vector<char const *,class std::allocator<char const *> >)" (?LoadCubemap@TextureLoading@@SAIV?$vector@PEBDV?$allocator@PEBD@std@@@std@@@Z)
MainPrueba.obj : error LNK2019: símbolo externo "public: __cdecl Assimp::Importer::Importer(void)" (??0Importer@Assimp@@QEAA@XZ) sin resolver al que se hace referencia en la función "private: void __cdecl Model::loadModel(class std::basic_string<char,struct std::char_traits<char>,class std::allocator<char> > const &)" (?loadModel@Model@@AEAAXAEBV?$basic_string@DU?$char_traits@D@std@@V?$allocator@D@2@@std@@@Z)
MainPrueba.obj : error LNK2019: símbolo externo "public: __cdecl Assimp::Importer::~Importer(void)" (??1Importer@Assimp@@QEAA@XZ) sin resolver al que se hace referencia en la función "private: void __cdecl Model::loadModel(class std::basic_string<char,struct std::char_traits<char>,class std::allocator<char> > const &)" (?loadModel@Model@@AEAAXAEBV?$basic_string@DU?$char_traits@D@std@@V?$allocator@D@2@@std@@@Z)
MainPrueba.obj : error LNK2019: símbolo externo "public: struct aiScene const * __cdecl Assimp::Importer::ReadFile(char const *,unsigned int)" (?ReadFile@Importer@Assimp@@QEAAPEBUaiScene@@PEBDI@Z) sin resolver al que se hace referencia en la función "public: struct aiScene const * __cdecl Assimp::Importer::ReadFile(class std::basic_string<char,struct std::char_traits<char>,class std::allocator<char> > const &,unsigned int)" (?ReadFile@Importer@Assimp@@QEAAPEBUaiScene@@AEBV?$basic_string@DU?$char_traits@D@std@@V?$allocator@D@2@@std@@I@Z)
MainPrueba.obj : error LNK2019: símbolo externo "public: char const * __cdecl Assimp::Importer::GetErrorString(void)const " (?GetErrorString@Importer@Assimp@@QEBAPEBDXZ) sin resolver al que se hace referencia en la función "private: void __cdecl Model::loadModel(class std::basic_string<char,struct std::char_traits<char>,class std::allocator<char> > const &)" (?loadModel@Model@@AEAAXAEBV?$basic_string@DU?$char_traits@D@std@@V?$allocator@D@2@@std@@@Z)
MainPrueba.obj : error LNK2019: símbolo externo aiGetMaterialTextureCount sin resolver al que se hace referencia en la función "public: unsigned int __cdecl aiMaterial::GetTextureCount(enum aiTextureType)const " (?GetTextureCount@aiMaterial@@QEBAIW4aiTextureType@@@Z)
MainPrueba.obj : error LNK2019: símbolo externo aiGetMaterialTexture sin resolver al que se hace referencia en la función "public: enum aiReturn __cdecl aiMaterial::GetTexture(enum aiTextureType,unsigned int,struct aiString *,enum aiTextureMapping *,unsigned int *,float *,enum aiTextureOp *,enum aiTextureMapMode *)const " (?GetTexture@aiMaterial@@QEBA?AW4aiReturn@@W4aiTextureType@@IPEAUaiString@@PEAW4aiTextureMapping@@PEAIPEAMPEAW4aiTextureOp@@PEAW4aiTextureMapMode@@@Z)
MainPrueba.obj : error LNK2019: símbolo externo __imp___glewActiveTexture sin resolver al que se hace referencia en la función main
MainPrueba.obj : error LNK2019: símbolo externo __imp___glewBindBuffer sin resolver al que se hace referencia en la función "private: void __cdecl Mesh::setupMesh(void)" (?setupMesh@Mesh@@AEAAXXZ)
MainPrueba.obj : error LNK2019: símbolo externo __imp___glewBufferData sin resolver al que se hace referencia en la función "private: void __cdecl Mesh::setupMesh(void)" (?setupMesh@Mesh@@AEAAXXZ)
MainPrueba.obj : error LNK2019: símbolo externo __imp___glewDeleteBuffers sin resolver al que se hace referencia en la función main
MainPrueba.obj : error LNK2019: símbolo externo __imp___glewGenBuffers sin resolver al que se hace referencia en la función "private: void __cdecl Mesh::setupMesh(void)" (?setupMesh@Mesh@@AEAAXXZ)
MainPrueba.obj : error LNK2019: símbolo externo __imp___glewAttachShader sin resolver al que se hace referencia en la función "public: __cdecl Shader::Shader(char const *,char const *)" (??0Shader@@QEAA@PEBD0@Z)
MainPrueba.obj : error LNK2019: símbolo externo __imp___glewCompileShader sin resolver al que se hace referencia en la función "public: __cdecl Shader::Shader(char const *,char const *)" (??0Shader@@QEAA@PEBD0@Z)
MainPrueba.obj : error LNK2019: símbolo externo __imp___glewCreateProgram sin resolver al que se hace referencia en la función "public: __cdecl Shader::Shader(char const *,char const *)" (??0Shader@@QEAA@PEBD0@Z)
MainPrueba.obj : error LNK2019: símbolo externo __imp___glewCreateShader sin resolver al que se hace referencia en la función "public: __cdecl Shader::Shader(char const *,char const *)" (??0Shader@@QEAA@PEBD0@Z)
MainPrueba.obj : error LNK2019: símbolo externo __imp___glewDeleteShader sin resolver al que se hace referencia en la función "public: __cdecl Shader::Shader(char const *,char const *)" (??0Shader@@QEAA@PEBD0@Z)
MainPrueba.obj : error LNK2019: símbolo externo __imp___glewEnableVertexAttribArray sin resolver al que se hace referencia en la función "private: void __cdecl Mesh::setupMesh(void)" (?setupMesh@Mesh@@AEAAXXZ)
MainPrueba.obj : error LNK2019: símbolo externo __imp___glewGetProgramInfoLog sin resolver al que se hace referencia en la función "public: __cdecl Shader::Shader(char const *,char const *)" (??0Shader@@QEAA@PEBD0@Z)
MainPrueba.obj : error LNK2019: símbolo externo __imp___glewGetProgramiv sin resolver al que se hace referencia en la función "public: __cdecl Shader::Shader(char const *,char const *)" (??0Shader@@QEAA@PEBD0@Z)
MainPrueba.obj : error LNK2019: símbolo externo __imp___glewGetShaderInfoLog sin resolver al que se hace referencia en la función "public: __cdecl Shader::Shader(char const *,char const *)" (??0Shader@@QEAA@PEBD0@Z)
MainPrueba.obj : error LNK2019: símbolo externo __imp___glewGetShaderiv sin resolver al que se hace referencia en la función "public: __cdecl Shader::Shader(char const *,char const *)" (??0Shader@@QEAA@PEBD0@Z)
MainPrueba.obj : error LNK2019: símbolo externo __imp___glewGetUniformLocation sin resolver al que se hace referencia en la función "public: __cdecl Shader::Shader(char const *,char const *)" (??0Shader@@QEAA@PEBD0@Z)
MainPrueba.obj : error LNK2019: símbolo externo __imp___glewLinkProgram sin resolver al que se hace referencia en la función "public: __cdecl Shader::Shader(char const *,char const *)" (??0Shader@@QEAA@PEBD0@Z)
MainPrueba.obj : error LNK2019: símbolo externo __imp___glewShaderSource sin resolver al que se hace referencia en la función "public: __cdecl Shader::Shader(char const *,char const *)" (??0Shader@@QEAA@PEBD0@Z)
MainPrueba.obj : error LNK2019: símbolo externo __imp___glewUniform1f sin resolver al que se hace referencia en la función main
MainPrueba.obj : error LNK2019: símbolo externo __imp___glewUniform3f sin resolver al que se hace referencia en la función main
MainPrueba.obj : error LNK2019: símbolo externo __imp___glewUniformMatrix4fv sin resolver al que se hace referencia en la función main
MainPrueba.obj : error LNK2019: símbolo externo __imp___glewUseProgram sin resolver al que se hace referencia en la función "public: void __cdecl Shader::Use(void)" (?Use@Shader@@QEAAXXZ)
MainPrueba.obj : error LNK2019: símbolo externo __imp___glewVertexAttribPointer sin resolver al que se hace referencia en la función "private: void __cdecl Mesh::setupMesh(void)" (?setupMesh@Mesh@@AEAAXXZ)
MainPrueba.obj : error LNK2019: símbolo externo __imp___glewGenerateMipmap sin resolver al que se hace referencia en la función "unsigned int __cdecl TextureFromFile(char const *,class std::basic_string<char,struct std::char_traits<char>,class std::allocator<char> > const &,bool)" (?TextureFromFile@@YAIPEBDAEBV?$basic_string@DU?$char_traits@D@std@@V?$allocator@D@2@@std@@_N@Z)
MainPrueba.obj : error LNK2019: símbolo externo __imp___glewBindVertexArray sin resolver al que se hace referencia en la función "private: void __cdecl Mesh::setupMesh(void)" (?setupMesh@Mesh@@AEAAXXZ)
MainPrueba.obj : error LNK2019: símbolo externo __imp___glewDeleteVertexArrays sin resolver al que se hace referencia en la función main
MainPrueba.obj : error LNK2019: símbolo externo __imp___glewGenVertexArrays sin resolver al que se hace referencia en la función "private: void __cdecl Mesh::setupMesh(void)" (?setupMesh@Mesh@@AEAAXXZ)
MainPrueba.obj : error LNK2019: símbolo externo __imp_glewExperimental sin resolver al que se hace referencia en la función main
C:\Users\Kiki\Documents\UNAM\Semestre9\LabGraficas\314698649_PROYECTOFINAL2023-1_Grupo11\ProyectoFinal\\External Libraries\GLEW\lib\Release\Win32\glew32.lib : warning LNK4272: el tipo de máquina de biblioteca 'x86' está en conflicto con el tipo de máquina de destino 'x64'
C:\Users\Kiki\Documents\UNAM\Semestre9\LabGraficas\314698649_PROYECTOFINAL2023-1_Grupo11\ProyectoFinal\\External Libraries\GLFW\lib-vc2015\glfw3.lib : warning LNK4272: el tipo de máquina de biblioteca 'x86' está en conflicto con el tipo de máquina de destino 'x64'
C:\Users\Kiki\Documents\UNAM\Semestre9\LabGraficas\314698649_PROYECTOFINAL2023-1_Grupo11\ProyectoFinal\\External Libraries\assimp\lib\assimp-vc140-mt.lib : warning LNK4272: el tipo de máquina de biblioteca 'x86' está en conflicto con el tipo de máquina de destino 'x64'
C:\Users\Kiki\Documents\UNAM\Semestre9\LabGraficas\314698649_PROYECTOFINAL2023-1_Grupo11\ProyectoFinal\\External Libraries\SOIL2\lib\soil2-debug.lib : warning LNK4272: el tipo de máquina de biblioteca 'x86' está en conflicto con el tipo de máquina de destino 'x64'
C:\Users\Kiki\Documents\UNAM\Semestre9\LabGraficas\314698649_PROYECTOFINAL2023-1_Grupo11\ProyectoFinal\x64\Debug\ProyectoFinal.exe : fatal error LNK1120: 50 externos sin resolver
