  AnimacionSencilla.cpp
C:\Users\Kiki\Documents\UNAM\Semestre9\LabGraficas\git\Teoria\CarpetaCambios\ProyectoFinalGCIHC_2023-1-Eq4\Codigo_Diego\proyecto\Project1\Project1\modelAnim.h(104,44): warning C4244: '=': conversión de 'double' a 'float'; posible pérdida de datos
C:\Users\Kiki\Documents\UNAM\Semestre9\LabGraficas\git\Teoria\CarpetaCambios\ProyectoFinalGCIHC_2023-1-Eq4\Codigo_Diego\proyecto\Project1\Project1\modelAnim.h(519,24): warning C4244: 'inicializando': conversión de 'double' a 'float'; posible pérdida de datos
C:\Users\Kiki\Documents\UNAM\Semestre9\LabGraficas\git\Teoria\CarpetaCambios\ProyectoFinalGCIHC_2023-1-Eq4\Codigo_Diego\proyecto\Project1\Project1\AnimacionSencilla.cpp(49,18): warning C4305: 'inicializando': truncamiento de 'double' a 'float'
C:\Users\Kiki\Documents\UNAM\Semestre9\LabGraficas\git\Teoria\CarpetaCambios\ProyectoFinalGCIHC_2023-1-Eq4\Codigo_Diego\proyecto\Project1\Project1\AnimacionSencilla.cpp(50,18): warning C4305: 'inicializando': truncamiento de 'double' a 'float'
C:\Users\Kiki\Documents\UNAM\Semestre9\LabGraficas\git\Teoria\CarpetaCambios\ProyectoFinalGCIHC_2023-1-Eq4\Codigo_Diego\proyecto\Project1\Project1\AnimacionSencilla.cpp(89,18): warning C4305: 'inicializando': truncamiento de 'double' a 'float'
C:\Users\Kiki\Documents\UNAM\Semestre9\LabGraficas\git\Teoria\CarpetaCambios\ProyectoFinalGCIHC_2023-1-Eq4\Codigo_Diego\proyecto\Project1\Project1\AnimacionSencilla.cpp(90,21): warning C4305: 'inicializando': truncamiento de 'double' a 'float'
C:\Users\Kiki\Documents\UNAM\Semestre9\LabGraficas\git\Teoria\CarpetaCambios\ProyectoFinalGCIHC_2023-1-Eq4\Codigo_Diego\proyecto\Project1\Project1\AnimacionSencilla.cpp(283,25): warning C4305: '=': truncamiento de 'double' a 'float'
C:\Users\Kiki\Documents\UNAM\Semestre9\LabGraficas\git\Teoria\CarpetaCambios\ProyectoFinalGCIHC_2023-1-Eq4\Codigo_Diego\proyecto\Project1\Project1\AnimacionSencilla.cpp(289,26): warning C4305: '=': truncamiento de 'double' a 'float'
C:\Users\Kiki\Documents\UNAM\Semestre9\LabGraficas\git\Teoria\CarpetaCambios\ProyectoFinalGCIHC_2023-1-Eq4\Codigo_Diego\proyecto\Project1\Project1\AnimacionSencilla.cpp(292,26): warning C4305: '=': truncamiento de 'double' a 'float'
C:\Users\Kiki\Documents\UNAM\Semestre9\LabGraficas\git\Teoria\CarpetaCambios\ProyectoFinalGCIHC_2023-1-Eq4\Codigo_Diego\proyecto\Project1\Project1\AnimacionSencilla.cpp(294,25): warning C4305: '=': truncamiento de 'double' a 'float'
C:\Users\Kiki\Documents\UNAM\Semestre9\LabGraficas\git\Teoria\CarpetaCambios\ProyectoFinalGCIHC_2023-1-Eq4\Codigo_Diego\proyecto\Project1\Project1\AnimacionSencilla.cpp(298,28): warning C4305: '=': truncamiento de 'double' a 'float'
C:\Users\Kiki\Documents\UNAM\Semestre9\LabGraficas\git\Teoria\CarpetaCambios\ProyectoFinalGCIHC_2023-1-Eq4\Codigo_Diego\proyecto\Project1\Project1\AnimacionSencilla.cpp(301,25): warning C4305: '=': truncamiento de 'double' a 'float'
C:\Users\Kiki\Documents\UNAM\Semestre9\LabGraficas\git\Teoria\CarpetaCambios\ProyectoFinalGCIHC_2023-1-Eq4\Codigo_Diego\proyecto\Project1\Project1\AnimacionSencilla.cpp(307,27): warning C4305: '=': truncamiento de 'double' a 'float'
C:\Users\Kiki\Documents\UNAM\Semestre9\LabGraficas\git\Teoria\CarpetaCambios\ProyectoFinalGCIHC_2023-1-Eq4\Codigo_Diego\proyecto\Project1\Project1\AnimacionSencilla.cpp(316,28): warning C4305: '=': truncamiento de 'double' a 'float'
C:\Users\Kiki\Documents\UNAM\Semestre9\LabGraficas\git\Teoria\CarpetaCambios\ProyectoFinalGCIHC_2023-1-Eq4\Codigo_Diego\proyecto\Project1\Project1\AnimacionSencilla.cpp(319,25): warning C4305: '=': truncamiento de 'double' a 'float'
C:\Users\Kiki\Documents\UNAM\Semestre9\LabGraficas\git\Teoria\CarpetaCambios\ProyectoFinalGCIHC_2023-1-Eq4\Codigo_Diego\proyecto\Project1\Project1\AnimacionSencilla.cpp(325,27): warning C4305: '=': truncamiento de 'double' a 'float'
C:\Users\Kiki\Documents\UNAM\Semestre9\LabGraficas\git\Teoria\CarpetaCambios\ProyectoFinalGCIHC_2023-1-Eq4\Codigo_Diego\proyecto\Project1\Project1\AnimacionSencilla.cpp(328,25): warning C4305: '=': truncamiento de 'double' a 'float'
C:\Users\Kiki\Documents\UNAM\Semestre9\LabGraficas\git\Teoria\CarpetaCambios\ProyectoFinalGCIHC_2023-1-Eq4\Codigo_Diego\proyecto\Project1\Project1\AnimacionSencilla.cpp(330,24): warning C4305: '=': truncamiento de 'double' a 'float'
C:\Users\Kiki\Documents\UNAM\Semestre9\LabGraficas\git\Teoria\CarpetaCambios\ProyectoFinalGCIHC_2023-1-Eq4\Codigo_Diego\proyecto\Project1\Project1\AnimacionSencilla.cpp(334,29): warning C4305: '=': truncamiento de 'double' a 'float'
C:\Users\Kiki\Documents\UNAM\Semestre9\LabGraficas\git\Teoria\CarpetaCambios\ProyectoFinalGCIHC_2023-1-Eq4\Codigo_Diego\proyecto\Project1\Project1\AnimacionSencilla.cpp(337,25): warning C4305: '=': truncamiento de 'double' a 'float'
C:\Users\Kiki\Documents\UNAM\Semestre9\LabGraficas\git\Teoria\CarpetaCambios\ProyectoFinalGCIHC_2023-1-Eq4\Codigo_Diego\proyecto\Project1\Project1\AnimacionSencilla.cpp(343,26): warning C4305: '=': truncamiento de 'double' a 'float'
C:\Users\Kiki\Documents\UNAM\Semestre9\LabGraficas\git\Teoria\CarpetaCambios\ProyectoFinalGCIHC_2023-1-Eq4\Codigo_Diego\proyecto\Project1\Project1\AnimacionSencilla.cpp(346,25): warning C4305: '=': truncamiento de 'double' a 'float'
C:\Users\Kiki\Documents\UNAM\Semestre9\LabGraficas\git\Teoria\CarpetaCambios\ProyectoFinalGCIHC_2023-1-Eq4\Codigo_Diego\proyecto\Project1\Project1\AnimacionSencilla.cpp(352,28): warning C4305: '=': truncamiento de 'double' a 'float'
C:\Users\Kiki\Documents\UNAM\Semestre9\LabGraficas\git\Teoria\CarpetaCambios\ProyectoFinalGCIHC_2023-1-Eq4\Codigo_Diego\proyecto\Project1\Project1\AnimacionSencilla.cpp(356,25): warning C4305: '=': truncamiento de 'double' a 'float'
C:\Users\Kiki\Documents\UNAM\Semestre9\LabGraficas\git\Teoria\CarpetaCambios\ProyectoFinalGCIHC_2023-1-Eq4\Codigo_Diego\proyecto\Project1\Project1\AnimacionSencilla.cpp(358,24): warning C4305: '=': truncamiento de 'double' a 'float'
C:\Users\Kiki\Documents\UNAM\Semestre9\LabGraficas\git\Teoria\CarpetaCambios\ProyectoFinalGCIHC_2023-1-Eq4\Codigo_Diego\proyecto\Project1\Project1\AnimacionSencilla.cpp(362,26): warning C4305: '=': truncamiento de 'double' a 'float'
C:\Users\Kiki\Documents\UNAM\Semestre9\LabGraficas\git\Teoria\CarpetaCambios\ProyectoFinalGCIHC_2023-1-Eq4\Codigo_Diego\proyecto\Project1\Project1\AnimacionSencilla.cpp(541,24): warning C4244: 'inicializando': conversión de 'double' a 'GLfloat'; posible pérdida de datos
C:\Users\Kiki\Documents\UNAM\Semestre9\LabGraficas\git\Teoria\CarpetaCambios\ProyectoFinalGCIHC_2023-1-Eq4\Codigo_Diego\proyecto\Project1\Project1\AnimacionSencilla.cpp(581,21): warning C4244: '=': conversión de 'double' a 'T'; posible pérdida de datos
          with
          [
              T=float
          ]
C:\Users\Kiki\Documents\UNAM\Semestre9\LabGraficas\git\Teoria\CarpetaCambios\ProyectoFinalGCIHC_2023-1-Eq4\Codigo_Diego\proyecto\Project1\Project1\AnimacionSencilla.cpp(582,21): warning C4244: '=': conversión de 'double' a 'T'; posible pérdida de datos
          with
          [
              T=float
          ]
C:\Users\Kiki\Documents\UNAM\Semestre9\LabGraficas\git\Teoria\CarpetaCambios\ProyectoFinalGCIHC_2023-1-Eq4\Codigo_Diego\proyecto\Project1\Project1\AnimacionSencilla.cpp(583,21): warning C4244: '=': conversión de 'double' a 'T'; posible pérdida de datos
          with
          [
              T=float
          ]
C:\Users\Kiki\Documents\UNAM\Semestre9\LabGraficas\git\Teoria\CarpetaCambios\ProyectoFinalGCIHC_2023-1-Eq4\Codigo_Diego\proyecto\Project1\Project1\AnimacionSencilla.cpp(585,22): warning C4244: '=': conversión de 'double' a 'T'; posible pérdida de datos
          with
          [
              T=float
          ]
C:\Users\Kiki\Documents\UNAM\Semestre9\LabGraficas\git\Teoria\CarpetaCambios\ProyectoFinalGCIHC_2023-1-Eq4\Codigo_Diego\proyecto\Project1\Project1\AnimacionSencilla.cpp(586,22): warning C4244: '=': conversión de 'double' a 'T'; posible pérdida de datos
          with
          [
              T=float
          ]
C:\Users\Kiki\Documents\UNAM\Semestre9\LabGraficas\git\Teoria\CarpetaCambios\ProyectoFinalGCIHC_2023-1-Eq4\Codigo_Diego\proyecto\Project1\Project1\AnimacionSencilla.cpp(587,22): warning C4244: '=': conversión de 'double' a 'T'; posible pérdida de datos
          with
          [
              T=float
          ]
C:\Users\Kiki\Documents\UNAM\Semestre9\LabGraficas\git\Teoria\CarpetaCambios\ProyectoFinalGCIHC_2023-1-Eq4\Codigo_Diego\proyecto\Project1\Project1\AnimacionSencilla.cpp(589,22): warning C4244: '=': conversión de 'double' a 'T'; posible pérdida de datos
          with
          [
              T=float
          ]
C:\Users\Kiki\Documents\UNAM\Semestre9\LabGraficas\git\Teoria\CarpetaCambios\ProyectoFinalGCIHC_2023-1-Eq4\Codigo_Diego\proyecto\Project1\Project1\AnimacionSencilla.cpp(590,22): warning C4244: '=': conversión de 'double' a 'T'; posible pérdida de datos
          with
          [
              T=float
          ]
C:\Users\Kiki\Documents\UNAM\Semestre9\LabGraficas\git\Teoria\CarpetaCambios\ProyectoFinalGCIHC_2023-1-Eq4\Codigo_Diego\proyecto\Project1\Project1\AnimacionSencilla.cpp(591,22): warning C4244: '=': conversión de 'double' a 'T'; posible pérdida de datos
          with
          [
              T=float
          ]
C:\Users\Kiki\Documents\UNAM\Semestre9\LabGraficas\git\Teoria\CarpetaCambios\ProyectoFinalGCIHC_2023-1-Eq4\Codigo_Diego\proyecto\Project1\Project1\AnimacionSencilla.cpp(593,22): warning C4244: '=': conversión de 'double' a 'T'; posible pérdida de datos
          with
          [
              T=float
          ]
C:\Users\Kiki\Documents\UNAM\Semestre9\LabGraficas\git\Teoria\CarpetaCambios\ProyectoFinalGCIHC_2023-1-Eq4\Codigo_Diego\proyecto\Project1\Project1\AnimacionSencilla.cpp(594,22): warning C4244: '=': conversión de 'double' a 'T'; posible pérdida de datos
          with
          [
              T=float
          ]
C:\Users\Kiki\Documents\UNAM\Semestre9\LabGraficas\git\Teoria\CarpetaCambios\ProyectoFinalGCIHC_2023-1-Eq4\Codigo_Diego\proyecto\Project1\Project1\AnimacionSencilla.cpp(595,22): warning C4244: '=': conversión de 'double' a 'T'; posible pérdida de datos
          with
          [
              T=float
          ]
C:\Users\Kiki\Documents\UNAM\Semestre9\LabGraficas\git\Teoria\CarpetaCambios\ProyectoFinalGCIHC_2023-1-Eq4\Codigo_Diego\proyecto\Project1\Project1\AnimacionSencilla.cpp(1381,26): warning C4244: '=': conversión de 'double' a 'float'; posible pérdida de datos
C:\Users\Kiki\Documents\UNAM\Semestre9\LabGraficas\git\Teoria\CarpetaCambios\ProyectoFinalGCIHC_2023-1-Eq4\Codigo_Diego\proyecto\Project1\Project1\AnimacionSencilla.cpp(1588,14): warning C4305: '+=': truncamiento de 'double' a 'float'
C:\Users\Kiki\Documents\UNAM\Semestre9\LabGraficas\git\Teoria\CarpetaCambios\ProyectoFinalGCIHC_2023-1-Eq4\Codigo_Diego\proyecto\Project1\Project1\AnimacionSencilla.cpp(1594,14): warning C4305: '-=': truncamiento de 'double' a 'float'
C:\Users\Kiki\Documents\UNAM\Semestre9\LabGraficas\git\Teoria\CarpetaCambios\ProyectoFinalGCIHC_2023-1-Eq4\Codigo_Diego\proyecto\Project1\Project1\AnimacionSencilla.cpp(1602,15): warning C4305: '-=': truncamiento de 'double' a 'float'
C:\Users\Kiki\Documents\UNAM\Semestre9\LabGraficas\git\Teoria\CarpetaCambios\ProyectoFinalGCIHC_2023-1-Eq4\Codigo_Diego\proyecto\Project1\Project1\AnimacionSencilla.cpp(1608,15): warning C4305: '+=': truncamiento de 'double' a 'float'
C:\Users\Kiki\Documents\UNAM\Semestre9\LabGraficas\git\Teoria\CarpetaCambios\ProyectoFinalGCIHC_2023-1-Eq4\Codigo_Diego\proyecto\Project1\Project1\AnimacionSencilla.cpp(1616,19): warning C4305: '-=': truncamiento de 'double' a 'float'
C:\Users\Kiki\Documents\UNAM\Semestre9\LabGraficas\git\Teoria\CarpetaCambios\ProyectoFinalGCIHC_2023-1-Eq4\Codigo_Diego\proyecto\Project1\Project1\AnimacionSencilla.cpp(1622,19): warning C4305: '+=': truncamiento de 'double' a 'float'
C:\Users\Kiki\Documents\UNAM\Semestre9\LabGraficas\git\Teoria\CarpetaCambios\ProyectoFinalGCIHC_2023-1-Eq4\Codigo_Diego\proyecto\Project1\Project1\AnimacionSencilla.cpp(1682,11): warning C4244: '=': conversión de 'double' a 'GLfloat'; posible pérdida de datos
C:\Users\Kiki\Documents\UNAM\Semestre9\LabGraficas\git\Teoria\CarpetaCambios\ProyectoFinalGCIHC_2023-1-Eq4\Codigo_Diego\proyecto\Project1\Project1\AnimacionSencilla.cpp(1683,11): warning C4244: '=': conversión de 'double' a 'GLfloat'; posible pérdida de datos
C:\Users\Kiki\Documents\UNAM\Semestre9\LabGraficas\git\Teoria\CarpetaCambios\ProyectoFinalGCIHC_2023-1-Eq4\Codigo_Diego\proyecto\Project1\Project1\AnimacionSencilla.cpp(1687,18): warning C4244: 'inicializando': conversión de 'double' a 'GLfloat'; posible pérdida de datos
C:\Users\Kiki\Documents\UNAM\Semestre9\LabGraficas\git\Teoria\CarpetaCambios\ProyectoFinalGCIHC_2023-1-Eq4\Codigo_Diego\proyecto\Project1\Project1\AnimacionSencilla.cpp(1688,18): warning C4244: 'inicializando': conversión de 'double' a 'GLfloat'; posible pérdida de datos
C:\Users\Kiki\Documents\UNAM\Semestre9\LabGraficas\git\Teoria\CarpetaCambios\ProyectoFinalGCIHC_2023-1-Eq4\Codigo_Diego\proyecto\Project1\Project1\AnimacionSencilla.cpp(1690,10): warning C4244: '=': conversión de 'double' a 'GLfloat'; posible pérdida de datos
C:\Users\Kiki\Documents\UNAM\Semestre9\LabGraficas\git\Teoria\CarpetaCambios\ProyectoFinalGCIHC_2023-1-Eq4\Codigo_Diego\proyecto\Project1\Project1\AnimacionSencilla.cpp(1691,10): warning C4244: '=': conversión de 'double' a 'GLfloat'; posible pérdida de datos
C:\Users\Kiki\Documents\UNAM\Semestre9\LabGraficas\git\Teoria\CarpetaCambios\ProyectoFinalGCIHC_2023-1-Eq4\Codigo_Diego\proyecto\Project1\Project1\AnimacionSencilla.cpp(1763,17): warning C4305: '+=': truncamiento de 'double' a 'float'
C:\Users\Kiki\Documents\UNAM\Semestre9\LabGraficas\git\Teoria\CarpetaCambios\ProyectoFinalGCIHC_2023-1-Eq4\Codigo_Diego\proyecto\Project1\Project1\AnimacionSencilla.cpp(1772,18): warning C4244: '=': conversión de 'double' a 'float'; posible pérdida de datos
C:\Users\Kiki\Documents\UNAM\Semestre9\LabGraficas\git\Teoria\CarpetaCambios\ProyectoFinalGCIHC_2023-1-Eq4\Codigo_Diego\proyecto\Project1\Project1\AnimacionSencilla.cpp(1777,17): warning C4305: '+=': truncamiento de 'double' a 'float'
C:\Users\Kiki\Documents\UNAM\Semestre9\LabGraficas\git\Teoria\CarpetaCambios\ProyectoFinalGCIHC_2023-1-Eq4\Codigo_Diego\proyecto\Project1\Project1\AnimacionSencilla.cpp(1786,18): warning C4244: '=': conversión de 'double' a 'float'; posible pérdida de datos
C:\Users\Kiki\Documents\UNAM\Semestre9\LabGraficas\git\Teoria\CarpetaCambios\ProyectoFinalGCIHC_2023-1-Eq4\Codigo_Diego\proyecto\Project1\Project1\AnimacionSencilla.cpp(1793,17): warning C4305: '+=': truncamiento de 'double' a 'float'
C:\Users\Kiki\Documents\UNAM\Semestre9\LabGraficas\git\Teoria\CarpetaCambios\ProyectoFinalGCIHC_2023-1-Eq4\Codigo_Diego\proyecto\Project1\Project1\AnimacionSencilla.cpp(1802,14): warning C4244: '=': conversión de 'double' a 'float'; posible pérdida de datos
C:\Users\Kiki\Documents\UNAM\Semestre9\LabGraficas\git\Teoria\CarpetaCambios\ProyectoFinalGCIHC_2023-1-Eq4\Codigo_Diego\proyecto\Project1\Project1\AnimacionSencilla.cpp(1807,17): warning C4305: '+=': truncamiento de 'double' a 'float'
C:\Users\Kiki\Documents\UNAM\Semestre9\LabGraficas\git\Teoria\CarpetaCambios\ProyectoFinalGCIHC_2023-1-Eq4\Codigo_Diego\proyecto\Project1\Project1\AnimacionSencilla.cpp(1816,14): warning C4244: '=': conversión de 'double' a 'float'; posible pérdida de datos
C:\Users\Kiki\Documents\UNAM\Semestre9\LabGraficas\git\Teoria\CarpetaCambios\ProyectoFinalGCIHC_2023-1-Eq4\Codigo_Diego\proyecto\Project1\Project1\AnimacionSencilla.cpp(1822,21): warning C4305: '+=': truncamiento de 'double' a 'float'
C:\Users\Kiki\Documents\UNAM\Semestre9\LabGraficas\git\Teoria\CarpetaCambios\ProyectoFinalGCIHC_2023-1-Eq4\Codigo_Diego\proyecto\Project1\Project1\AnimacionSencilla.cpp(1840,18): warning C4305: '+=': truncamiento de 'double' a 'float'
C:\Users\Kiki\Documents\UNAM\Semestre9\LabGraficas\git\Teoria\CarpetaCambios\ProyectoFinalGCIHC_2023-1-Eq4\Codigo_Diego\proyecto\Project1\Project1\AnimacionSencilla.cpp(1851,21): warning C4305: '-=': truncamiento de 'double' a 'float'
C:\Users\Kiki\Documents\UNAM\Semestre9\LabGraficas\git\Teoria\CarpetaCambios\ProyectoFinalGCIHC_2023-1-Eq4\Codigo_Diego\proyecto\Project1\Project1\AnimacionSencilla.cpp(1866,18): warning C4305: '-=': truncamiento de 'double' a 'float'
C:\Users\Kiki\Documents\UNAM\Semestre9\LabGraficas\git\Teoria\CarpetaCambios\ProyectoFinalGCIHC_2023-1-Eq4\Codigo_Diego\proyecto\Project1\Project1\AnimacionSencilla.cpp(1908,20): warning C4305: '+=': truncamiento de 'double' a 'float'
C:\Users\Kiki\Documents\UNAM\Semestre9\LabGraficas\git\Teoria\CarpetaCambios\ProyectoFinalGCIHC_2023-1-Eq4\Codigo_Diego\proyecto\Project1\Project1\AnimacionSencilla.cpp(1909,20): warning C4305: '+=': truncamiento de 'double' a 'float'
C:\Users\Kiki\Documents\UNAM\Semestre9\LabGraficas\git\Teoria\CarpetaCambios\ProyectoFinalGCIHC_2023-1-Eq4\Codigo_Diego\proyecto\Project1\Project1\AnimacionSencilla.cpp(1920,20): warning C4305: '-=': truncamiento de 'double' a 'float'
C:\Users\Kiki\Documents\UNAM\Semestre9\LabGraficas\git\Teoria\CarpetaCambios\ProyectoFinalGCIHC_2023-1-Eq4\Codigo_Diego\proyecto\Project1\Project1\AnimacionSencilla.cpp(1921,20): warning C4305: '-=': truncamiento de 'double' a 'float'
  Project1.vcxproj -> C:\Users\Kiki\Documents\UNAM\Semestre9\LabGraficas\git\Teoria\CarpetaCambios\ProyectoFinalGCIHC_2023-1-Eq4\Codigo_Diego\proyecto\Project1\Debug\Project1.exe
